Unable to capture context for thread 12128 in process 10068, can not generate back trace
Unable to capture context for thread 15172 in process 10068, can not generate back trace
Unable to capture context for thread 10096 in process 10068, can not generate back trace
Exception at PC 0x00007FFCDA24BB93
Printing stacktrace...

[0]  [0x00007FFCDA24BB93]
[1]  [0x00007FFCDA24BB93]
[2]  [0x00007FFCDA24B4A1]
[3]  [0x00007FFCDA24B3EF]
[4]  [0x00007FFCDA2319FE]
[5]  [0x00007FFCDA230ED1]
[6]  [0x00007FFCDA230D76]
[7]  [0x00007FFCDA1D79F6]
[8]  [0x00007FFCDA1C7AFB]
[9]  [0x00007FFCDA2EE90A]
[10]  [0x00007FFCDA309F87]
[11]  [0x00007FFCDA30A05F]
[12] (BaseThreadInitThunk+0x14) [0x00007FFD4D747BD4]
[13] (RtlUserThreadStart+0x21) [0x00007FFD4F0ACED1]
Done
Exception at PC 0x00007FFCD9F51A52
Attemped to write at address 0x00007FFD21FAABA4
Printing stacktrace...

[0]  [0x00007FFCD9F51A52]
[1]  [0x00007FFCD9F51A52]
[2]  [0x00007FFCD9F51AD4]
[3]  [0x00007FFCDA093FF7]
[4]  [0x00007FFCD9F79128]
[5]  [0x00007FFCDA22DFB9]
[6]  [0x00007FFCDA3FEF23]
[7]  [0x00007FFCDA30B06B]
[8]  [0x00007FFCDA3008AF]
[9]  [0x00007FFCDA300A32]
[10] (RtlActivateActivationContextUnsafeFast+0x121) [0x00007FFD4F0650A1]
[11] (LdrShutdownProcess+0x132) [0x00007FFD4F0AAB02]
[12] (RtlExitUserProcess+0xad) [0x00007FFD4F0AA9AD]
[13] (ExitProcess+0xa) [0x00007FFD4D74CD8A]
[14] (exit+0x85) [0x00007FFD4D32A245]
[15] (initterm_e+0x245) [0x00007FFD4D32A8B5]
[16]  [0x00000000004014CD]
[17]  [0x000000000040151B]
[18] (BaseThreadInitThunk+0x14) [0x00007FFD4D747BD4]
[19] (RtlUserThreadStart+0x21) [0x00007FFD4F0ACED1]
Done
