Unable to capture context for thread 13316 in process 14860, can not generate back trace
Exception at PC 0x00007FFCF409BB93
Printing stacktrace...

[0]  [0x00007FFCF409BB93]
[1]  [0x00007FFCF409BB93]
[2]  [0x00007FFCF409B4A1]
[3]  [0x00007FFCF409B3EF]
[4]  [0x00007FFCF40819FE]
[5]  [0x00007FFCF4080ED1]
[6]  [0x00007FFCF4080D76]
[7]  [0x00007FFCF40279F6]
[8]  [0x00007FFCF4017AFB]
[9]  [0x00007FFCF413E90A]
[10]  [0x00007FFCF4159F87]
[11]  [0x00007FFCF415A05F]
[12] (BaseThreadInitThunk+0x14) [0x00007FFD4D747BD4]
[13] (RtlUserThreadStart+0x21) [0x00007FFD4F0ACED1]
Done
Exception at PC 0x00007FFCF3DA1A52
Attemped to write at address 0x00007FFD2300ABA4
Printing stacktrace...

[0]  [0x00007FFCF3DA1A52]
[1]  [0x00007FFCF3DA1A52]
[2]  [0x00007FFCF3DA1AD4]
[3]  [0x00007FFCF3EE3FF7]
[4]  [0x00007FFCF3DC9128]
[5]  [0x00007FFCF407DFB9]
[6]  [0x00007FFCF424EF23]
[7]  [0x00007FFCF415B06B]
[8]  [0x00007FFCF41508AF]
[9]  [0x00007FFCF4150A32]
[10] (RtlActivateActivationContextUnsafeFast+0x121) [0x00007FFD4F0650A1]
[11] (LdrShutdownProcess+0x132) [0x00007FFD4F0AAB02]
[12] (RtlExitUserProcess+0xad) [0x00007FFD4F0AA9AD]
[13] (ExitProcess+0xa) [0x00007FFD4D74CD8A]
[14] (exit+0x85) [0x00007FFD4D32A245]
[15] (initterm_e+0x245) [0x00007FFD4D32A8B5]
[16]  [0x00000000004014CD]
[17]  [0x000000000040151B]
[18] (BaseThreadInitThunk+0x14) [0x00007FFD4D747BD4]
[19] (RtlUserThreadStart+0x21) [0x00007FFD4F0ACED1]
Done
