Unable to capture context for thread 540 in process 7652, can not generate back trace
Unable to capture context for thread 11124 in process 7652, can not generate back trace
Exception at PC 0x00007FF9C06DBB93
Printing stacktrace...

[0]  [0x00007FF9C06DBB93]
[1]  [0x00007FF9C06DBB93]
[2]  [0x00007FF9C06DB4A1]
[3]  [0x00007FF9C06DB3EF]
[4]  [0x00007FF9C06C19FE]
[5]  [0x00007FF9C06C0ED1]
[6]  [0x00007FF9C06C0D76]
[7]  [0x00007FF9C06679F6]
[8]  [0x00007FF9C0657AFB]
[9]  [0x00007FF9C077E90A]
[10]  [0x00007FF9C0799F87]
[11]  [0x00007FF9C079A05F]
[12] (BaseThreadInitThunk+0x14) [0x00007FFA26827BD4]
[13] (RtlUserThreadStart+0x21) [0x00007FFA26FCCED1]
Done
Exception at PC 0x00007FF9C03E1A52
Attemped to write at address 0x00007FFA1129ABA4
Printing stacktrace...

[0]  [0x00007FF9C03E1A52]
[1]  [0x00007FF9C03E1A52]
[2]  [0x00007FF9C03E1AD4]
[3]  [0x00007FF9C0523FF7]
[4]  [0x00007FF9C0409128]
[5]  [0x00007FF9C06BDFB9]
[6]  [0x00007FF9C088EF23]
[7]  [0x00007FF9C079B06B]
[8]  [0x00007FF9C07908AF]
[9]  [0x00007FF9C0790A32]
[10] (RtlActivateActivationContextUnsafeFast+0x121) [0x00007FFA26F850A1]
[11] (LdrShutdownProcess+0x132) [0x00007FFA26FCAB02]
[12] (RtlExitUserProcess+0xad) [0x00007FFA26FCA9AD]
[13] (ExitProcess+0xa) [0x00007FFA2682CD8A]
[14] (exit+0x85) [0x00007FFA26EBA245]
[15] (initterm_e+0x245) [0x00007FFA26EBA8B5]
[16]  [0x00000000004014CD]
[17]  [0x000000000040151B]
[18] (BaseThreadInitThunk+0x14) [0x00007FFA26827BD4]
[19] (RtlUserThreadStart+0x21) [0x00007FFA26FCCED1]
Done
