INFO: [VRFC 10-163] Analyzing VHDL file "C:/Users/matia/Desktop/universidad/dsed/DSED_VHDL_NEXUSDDR-master/Proyecto_dsed_final/Proyecto_dsed_final.srcs/sources_1/ip/clk_wiz_0/clk_wiz_0_sim_netlist.vhdl" into library xil_defaultlib
INFO: [VRFC 10-307] analyzing entity clk_wiz_0_clk_wiz_0_clk_wiz
INFO: [VRFC 10-307] analyzing entity clk_wiz_0
INFO: [VRFC 10-163] Analyzing VHDL file "C:/Users/matia/Desktop/universidad/dsed/DSED_VHDL_NEXUSDDR-master/Proyecto_dsed_final/Proyecto_dsed_final.srcs/sources_1/imports/Downloads/FSMD_microphone.vhd" into library xil_defaultlib
INFO: [VRFC 10-307] analyzing entity FSMD_microphone
INFO: [VRFC 10-163] Analyzing VHDL file "C:/Users/matia/Desktop/universidad/dsed/DSED_VHDL_NEXUSDDR-master/Proyecto_dsed_final/Proyecto_dsed_final.srcs/sources_1/new/audio_interface.vhd" into library xil_defaultlib
INFO: [VRFC 10-307] analyzing entity audio_interface
INFO: [VRFC 10-163] Analyzing VHDL file "C:/Users/matia/Desktop/universidad/dsed/DSED_VHDL_NEXUSDDR-master/Proyecto_dsed_final/Proyecto_dsed_final.srcs/sources_1/new/en_4_cycles.vhd" into library xil_defaultlib
INFO: [VRFC 10-307] analyzing entity en_4_cycles
INFO: [VRFC 10-163] Analyzing VHDL file "C:/Users/matia/Desktop/universidad/dsed/DSED_VHDL_NEXUSDDR-master/Proyecto_dsed_final/Proyecto_dsed_final.srcs/sources_1/new/pwm.vhd" into library xil_defaultlib
INFO: [VRFC 10-307] analyzing entity pwm
INFO: [VRFC 10-163] Analyzing VHDL file "C:/Users/matia/Desktop/universidad/dsed/DSED_VHDL_NEXUSDDR-master/Proyecto_dsed_final/Proyecto_dsed_final.srcs/sources_1/new/controlador.vhd" into library xil_defaultlib
INFO: [VRFC 10-307] analyzing entity controlador
INFO: [VRFC 10-163] Analyzing VHDL file "C:/Users/matia/Desktop/universidad/dsed/DSED_VHDL_NEXUSDDR-master/Proyecto_dsed_final/Proyecto_dsed_final.srcs/sources_1/new/Dsed.vhd" into library xil_defaultlib
INFO: [VRFC 10-163] Analyzing VHDL file "C:/Users/matia/Desktop/universidad/dsed/DSED_VHDL_NEXUSDDR-master/Proyecto_dsed_final/Proyecto_dsed_final.ip_user_files/bd/design_1/hdl/design_1.vhd" into library xil_defaultlib
INFO: [VRFC 10-163] Analyzing VHDL file "C:/Users/matia/Desktop/universidad/dsed/DSED_VHDL_NEXUSDDR-master/Proyecto_dsed_final/Proyecto_dsed_final.srcs/sources_1/new/fir_filter.vhd" into library xil_defaultlib
INFO: [VRFC 10-307] analyzing entity fir_filter
INFO: [VRFC 10-163] Analyzing VHDL file "C:/Users/matia/Desktop/universidad/dsed/DSED_VHDL_NEXUSDDR-master/Proyecto_dsed_final/Proyecto_dsed_final.srcs/sim_1/new/fir_filter_tb.vhd" into library xil_defaultlib
INFO: [VRFC 10-307] analyzing entity fir_filter_tb
INFO: [VRFC 10-163] Analyzing VHDL file "C:/Users/matia/Desktop/universidad/dsed/DSED_VHDL_NEXUSDDR-master/Proyecto_dsed_final/Proyecto_dsed_final.srcs/sim_1/new/FSMD_microphone_tb1.vhd" into library xil_defaultlib
INFO: [VRFC 10-307] analyzing entity FSMD_microphone_tb1
INFO: [VRFC 10-163] Analyzing VHDL file "C:/Users/matia/Desktop/universidad/dsed/DSED_VHDL_NEXUSDDR-master/Proyecto_dsed_final/Proyecto_dsed_final.srcs/sim_1/new/audio_interface_tb.vhd" into library xil_defaultlib
INFO: [VRFC 10-307] analyzing entity audio_interface_tb
INFO: [VRFC 10-163] Analyzing VHDL file "C:/Users/matia/Desktop/universidad/dsed/DSED_VHDL_NEXUSDDR-master/Proyecto_dsed_final/Proyecto_dsed_final.srcs/sim_1/new/pwm_tb.vhd" into library xil_defaultlib
INFO: [VRFC 10-307] analyzing entity pwm_tb
INFO: [VRFC 10-163] Analyzing VHDL file "C:/Users/matia/Desktop/universidad/dsed/DSED_VHDL_NEXUSDDR-master/Proyecto_dsed_final/Proyecto_dsed_final.srcs/sim_1/new/FSMD_microphone_tb2.vhd" into library xil_defaultlib
INFO: [VRFC 10-307] analyzing entity FSMD_microphone_tb2
INFO: [VRFC 10-163] Analyzing VHDL file "C:/Users/matia/Desktop/universidad/dsed/DSED_VHDL_NEXUSDDR-master/Proyecto_dsed_final/Proyecto_dsed_final.srcs/sim_1/new/en_4_cycles_tb.vhd" into library xil_defaultlib
INFO: [VRFC 10-307] analyzing entity en_4_cycles_tb
